<?xml version="1.0" encoding="UTF-8"?>
<testsuite xmlns:xsi="http://www.w3.org/2001/XMLSchema-instance" xsi:noNamespaceSchemaLocation="https://maven.apache.org/surefire/maven-surefire-plugin/xsd/surefire-test-report-3.0.xsd" version="3.0" name="TestSuite" time="60.248" tests="8" errors="0" skipped="0" failures="0">
  <properties>
    <property name="gopherProxySet" value="false"/>
    <property name="awt.toolkit" value="sun.lwawt.macosx.LWCToolkit"/>
    <property name="file.encoding.pkg" value="sun.io"/>
    <property name="java.specification.version" value="1.8"/>
    <property name="webdriver.chrome.driver" value="/Users/amirouchemadaoui/.cache/selenium/chromedriver/mac64/102.0.5005.61/chromedriver"/>
    <property name="sun.cpu.isalist" value=""/>
    <property name="sun.jnu.encoding" value="UTF-8"/>
    <property name="java.class.path" value="/Users/amirouchemadaoui/git/TechbeeMaybatch/com.ebay/target/test-classes:/Users/amirouchemadaoui/git/TechbeeMaybatch/com.ebay/target/classes:/Users/amirouchemadaoui/.m2/repository/org/seleniumhq/selenium/selenium-java/4.2.1/selenium-java-4.2.1.jar:/Users/amirouchemadaoui/.m2/repository/org/seleniumhq/selenium/selenium-api/4.2.1/selenium-api-4.2.1.jar:/Users/amirouchemadaoui/.m2/repository/org/seleniumhq/selenium/selenium-chrome-driver/4.2.1/selenium-chrome-driver-4.2.1.jar:/Users/amirouchemadaoui/.m2/repository/com/google/auto/service/auto-service-annotations/1.0.1/auto-service-annotations-1.0.1.jar:/Users/amirouchemadaoui/.m2/repository/com/google/auto/service/auto-service/1.0.1/auto-service-1.0.1.jar:/Users/amirouchemadaoui/.m2/repository/com/google/auto/auto-common/1.2/auto-common-1.2.jar:/Users/amirouchemadaoui/.m2/repository/com/google/guava/guava/31.1-jre/guava-31.1-jre.jar:/Users/amirouchemadaoui/.m2/repository/com/google/guava/failureaccess/1.0.1/failureaccess-1.0.1.jar:/Users/amirouchemadaoui/.m2/repository/com/google/guava/listenablefuture/9999.0-empty-to-avoid-conflict-with-guava/listenablefuture-9999.0-empty-to-avoid-conflict-with-guava.jar:/Users/amirouchemadaoui/.m2/repository/com/google/code/findbugs/jsr305/3.0.2/jsr305-3.0.2.jar:/Users/amirouchemadaoui/.m2/repository/org/checkerframework/checker-qual/3.12.0/checker-qual-3.12.0.jar:/Users/amirouchemadaoui/.m2/repository/com/google/errorprone/error_prone_annotations/2.11.0/error_prone_annotations-2.11.0.jar:/Users/amirouchemadaoui/.m2/repository/com/google/j2objc/j2objc-annotations/1.3/j2objc-annotations-1.3.jar:/Users/amirouchemadaoui/.m2/repository/org/seleniumhq/selenium/selenium-chromium-driver/4.2.1/selenium-chromium-driver-4.2.1.jar:/Users/amirouchemadaoui/.m2/repository/org/seleniumhq/selenium/selenium-json/4.2.1/selenium-json-4.2.1.jar:/Users/amirouchemadaoui/.m2/repository/org/seleniumhq/selenium/selenium-devtools-v100/4.2.1/selenium-devtools-v100-4.2.1.jar:/Users/amirouchemadaoui/.m2/repository/org/seleniumhq/selenium/selenium-devtools-v101/4.2.1/selenium-devtools-v101-4.2.1.jar:/Users/amirouchemadaoui/.m2/repository/org/seleniumhq/selenium/selenium-devtools-v102/4.2.1/selenium-devtools-v102-4.2.1.jar:/Users/amirouchemadaoui/.m2/repository/org/seleniumhq/selenium/selenium-devtools-v85/4.2.1/selenium-devtools-v85-4.2.1.jar:/Users/amirouchemadaoui/.m2/repository/org/seleniumhq/selenium/selenium-edge-driver/4.2.1/selenium-edge-driver-4.2.1.jar:/Users/amirouchemadaoui/.m2/repository/org/seleniumhq/selenium/selenium-firefox-driver/4.2.1/selenium-firefox-driver-4.2.1.jar:/Users/amirouchemadaoui/.m2/repository/org/seleniumhq/selenium/selenium-ie-driver/4.2.1/selenium-ie-driver-4.2.1.jar:/Users/amirouchemadaoui/.m2/repository/org/seleniumhq/selenium/selenium-opera-driver/4.2.1/selenium-opera-driver-4.2.1.jar:/Users/amirouchemadaoui/.m2/repository/org/seleniumhq/selenium/selenium-remote-driver/4.2.1/selenium-remote-driver-4.2.1.jar:/Users/amirouchemadaoui/.m2/repository/io/netty/netty-buffer/4.1.77.Final/netty-buffer-4.1.77.Final.jar:/Users/amirouchemadaoui/.m2/repository/io/netty/netty-codec-http/4.1.77.Final/netty-codec-http-4.1.77.Final.jar:/Users/amirouchemadaoui/.m2/repository/io/netty/netty-codec/4.1.77.Final/netty-codec-4.1.77.Final.jar:/Users/amirouchemadaoui/.m2/repository/io/netty/netty-handler/4.1.77.Final/netty-handler-4.1.77.Final.jar:/Users/amirouchemadaoui/.m2/repository/io/netty/netty-common/4.1.77.Final/netty-common-4.1.77.Final.jar:/Users/amirouchemadaoui/.m2/repository/io/netty/netty-transport-classes-epoll/4.1.77.Final/netty-transport-classes-epoll-4.1.77.Final.jar:/Users/amirouchemadaoui/.m2/repository/io/netty/netty-transport-classes-kqueue/4.1.77.Final/netty-transport-classes-kqueue-4.1.77.Final.jar:/Users/amirouchemadaoui/.m2/repository/io/netty/netty-transport-native-epoll/4.1.77.Final/netty-transport-native-epoll-4.1.77.Final.jar:/Users/amirouchemadaoui/.m2/repository/io/netty/netty-transport-native-kqueue/4.1.77.Final/netty-transport-native-kqueue-4.1.77.Final.jar:/Users/amirouchemadaoui/.m2/repository/io/netty/netty-transport-native-unix-common/4.1.77.Final/netty-transport-native-unix-common-4.1.77.Final.jar:/Users/amirouchemadaoui/.m2/repository/io/netty/netty-transport/4.1.77.Final/netty-transport-4.1.77.Final.jar:/Users/amirouchemadaoui/.m2/repository/io/netty/netty-resolver/4.1.77.Final/netty-resolver-4.1.77.Final.jar:/Users/amirouchemadaoui/.m2/repository/io/opentelemetry/opentelemetry-api/1.14.0/opentelemetry-api-1.14.0.jar:/Users/amirouchemadaoui/.m2/repository/io/opentelemetry/opentelemetry-context/1.14.0/opentelemetry-context-1.14.0.jar:/Users/amirouchemadaoui/.m2/repository/io/opentelemetry/opentelemetry-exporter-logging/1.14.0/opentelemetry-exporter-logging-1.14.0.jar:/Users/amirouchemadaoui/.m2/repository/io/opentelemetry/opentelemetry-sdk-metrics/1.14.0/opentelemetry-sdk-metrics-1.14.0.jar:/Users/amirouchemadaoui/.m2/repository/io/opentelemetry/opentelemetry-sdk-logs/1.14.0-alpha/opentelemetry-sdk-logs-1.14.0-alpha.jar:/Users/amirouchemadaoui/.m2/repository/io/opentelemetry/opentelemetry-sdk-common/1.14.0/opentelemetry-sdk-common-1.14.0.jar:/Users/amirouchemadaoui/.m2/repository/io/opentelemetry/opentelemetry-sdk-extension-autoconfigure-spi/1.14.0/opentelemetry-sdk-extension-autoconfigure-spi-1.14.0.jar:/Users/amirouchemadaoui/.m2/repository/io/opentelemetry/opentelemetry-sdk-extension-autoconfigure/1.14.0-alpha/opentelemetry-sdk-extension-autoconfigure-1.14.0-alpha.jar:/Users/amirouchemadaoui/.m2/repository/io/opentelemetry/opentelemetry-sdk-trace/1.14.0/opentelemetry-sdk-trace-1.14.0.jar:/Users/amirouchemadaoui/.m2/repository/io/opentelemetry/opentelemetry-sdk/1.14.0/opentelemetry-sdk-1.14.0.jar:/Users/amirouchemadaoui/.m2/repository/io/opentelemetry/opentelemetry-semconv/1.14.0-alpha/opentelemetry-semconv-1.14.0-alpha.jar:/Users/amirouchemadaoui/.m2/repository/io/ous/jtoml/2.0.0/jtoml-2.0.0.jar:/Users/amirouchemadaoui/.m2/repository/net/bytebuddy/byte-buddy/1.12.10/byte-buddy-1.12.10.jar:/Users/amirouchemadaoui/.m2/repository/org/apache/commons/commons-exec/1.3/commons-exec-1.3.jar:/Users/amirouchemadaoui/.m2/repository/org/asynchttpclient/async-http-client/2.12.3/async-http-client-2.12.3.jar:/Users/amirouchemadaoui/.m2/repository/org/asynchttpclient/async-http-client-netty-utils/2.12.3/async-http-client-netty-utils-2.12.3.jar:/Users/amirouchemadaoui/.m2/repository/io/netty/netty-codec-socks/4.1.60.Final/netty-codec-socks-4.1.60.Final.jar:/Users/amirouchemadaoui/.m2/repository/io/netty/netty-handler-proxy/4.1.60.Final/netty-handler-proxy-4.1.60.Final.jar:/Users/amirouchemadaoui/.m2/repository/io/netty/netty-transport-native-epoll/4.1.60.Final/netty-transport-native-epoll-4.1.60.Final-linux-x86_64.jar:/Users/amirouchemadaoui/.m2/repository/io/netty/netty-transport-native-kqueue/4.1.60.Final/netty-transport-native-kqueue-4.1.60.Final-osx-x86_64.jar:/Users/amirouchemadaoui/.m2/repository/org/reactivestreams/reactive-streams/1.0.3/reactive-streams-1.0.3.jar:/Users/amirouchemadaoui/.m2/repository/com/typesafe/netty/netty-reactive-streams/2.0.4/netty-reactive-streams-2.0.4.jar:/Users/amirouchemadaoui/.m2/repository/com/sun/activation/jakarta.activation/1.2.2/jakarta.activation-1.2.2.jar:/Users/amirouchemadaoui/.m2/repository/org/seleniumhq/selenium/selenium-http/4.2.1/selenium-http-4.2.1.jar:/Users/amirouchemadaoui/.m2/repository/dev/failsafe/failsafe/3.2.4/failsafe-3.2.4.jar:/Users/amirouchemadaoui/.m2/repository/org/seleniumhq/selenium/selenium-safari-driver/4.2.1/selenium-safari-driver-4.2.1.jar:/Users/amirouchemadaoui/.m2/repository/org/seleniumhq/selenium/selenium-support/4.2.1/selenium-support-4.2.1.jar:/Users/amirouchemadaoui/.m2/repository/org/testng/testng/7.3.0/testng-7.3.0.jar:/Users/amirouchemadaoui/.m2/repository/com/beust/jcommander/1.78/jcommander-1.78.jar:/Users/amirouchemadaoui/.m2/repository/org/apache/ant/ant/1.10.3/ant-1.10.3.jar:/Users/amirouchemadaoui/.m2/repository/org/apache/ant/ant-launcher/1.10.3/ant-launcher-1.10.3.jar:/Users/amirouchemadaoui/.m2/repository/junit/junit/4.12/junit-4.12.jar:/Users/amirouchemadaoui/.m2/repository/org/hamcrest/hamcrest-core/1.3/hamcrest-core-1.3.jar:/Users/amirouchemadaoui/.m2/repository/com/google/inject/guice/4.2.2/guice-4.2.2-no_aop.jar:/Users/amirouchemadaoui/.m2/repository/javax/inject/javax.inject/1/javax.inject-1.jar:/Users/amirouchemadaoui/.m2/repository/aopalliance/aopalliance/1.0/aopalliance-1.0.jar:/Users/amirouchemadaoui/.m2/repository/org/yaml/snakeyaml/1.21/snakeyaml-1.21.jar:/Users/amirouchemadaoui/.m2/repository/io/github/bonigarcia/webdrivermanager/4.2.2/webdrivermanager-4.2.2.jar:/Users/amirouchemadaoui/.m2/repository/org/slf4j/slf4j-api/1.7.30/slf4j-api-1.7.30.jar:/Users/amirouchemadaoui/.m2/repository/commons-io/commons-io/2.8.0/commons-io-2.8.0.jar:/Users/amirouchemadaoui/.m2/repository/com/google/code/gson/gson/2.8.6/gson-2.8.6.jar:/Users/amirouchemadaoui/.m2/repository/org/apache/commons/commons-lang3/3.11/commons-lang3-3.11.jar:/Users/amirouchemadaoui/.m2/repository/org/apache/httpcomponents/client5/httpclient5/5.0.1/httpclient5-5.0.1.jar:/Users/amirouchemadaoui/.m2/repository/org/apache/httpcomponents/core5/httpcore5/5.0.1/httpcore5-5.0.1.jar:/Users/amirouchemadaoui/.m2/repository/org/apache/httpcomponents/core5/httpcore5-h2/5.0.1/httpcore5-h2-5.0.1.jar:/Users/amirouchemadaoui/.m2/repository/org/rauschig/jarchivelib/1.1.0/jarchivelib-1.1.0.jar:/Users/amirouchemadaoui/.m2/repository/org/apache/commons/commons-compress/1.20/commons-compress-1.20.jar:/Users/amirouchemadaoui/.m2/repository/org/jsoup/jsoup/1.13.1/jsoup-1.13.1.jar:/Users/amirouchemadaoui/.m2/repository/org/apache/poi/poi/3.9/poi-3.9.jar:/Users/amirouchemadaoui/.m2/repository/commons-codec/commons-codec/1.5/commons-codec-1.5.jar:/Users/amirouchemadaoui/.m2/repository/org/apache/poi/poi-ooxml/3.9/poi-ooxml-3.9.jar:/Users/amirouchemadaoui/.m2/repository/dom4j/dom4j/1.6.1/dom4j-1.6.1.jar:/Users/amirouchemadaoui/.m2/repository/xml-apis/xml-apis/1.0.b2/xml-apis-1.0.b2.jar:/Users/amirouchemadaoui/.m2/repository/org/apache/poi/poi-ooxml-schemas/3.9/poi-ooxml-schemas-3.9.jar:/Users/amirouchemadaoui/.m2/repository/org/apache/xmlbeans/xmlbeans/2.3.0/xmlbeans-2.3.0.jar:/Users/amirouchemadaoui/.m2/repository/stax/stax-api/1.0.1/stax-api-1.0.1.jar:/Users/amirouchemadaoui/.m2/repository/org/apache/poi/poi-scratchpad/3.9/poi-scratchpad-3.9.jar:/Users/amirouchemadaoui/.m2/repository/org/apache/poi/ooxml-schemas/1.1/ooxml-schemas-1.1.jar:/Users/amirouchemadaoui/.m2/repository/org/apache/poi/openxml4j/1.0-beta/openxml4j-1.0-beta.jar:/Users/amirouchemadaoui/.m2/repository/log4j/log4j/1.2.8/log4j-1.2.8.jar:/Users/amirouchemadaoui/.m2/repository/com/github/javafaker/javafaker/1.0.2/javafaker-1.0.2.jar:/Users/amirouchemadaoui/.m2/repository/org/yaml/snakeyaml/1.23/snakeyaml-1.23-android.jar:/Users/amirouchemadaoui/.m2/repository/com/github/mifmif/generex/1.0.2/generex-1.0.2.jar:/Users/amirouchemadaoui/.m2/repository/dk/brics/automaton/automaton/1.11-8/automaton-1.11-8.jar:/Users/amirouchemadaoui/.m2/repository/com/aventstack/extentreports/3.1.5/extentreports-3.1.5.jar:/Users/amirouchemadaoui/.m2/repository/org/freemarker/freemarker/2.3.23/freemarker-2.3.23.jar:/Users/amirouchemadaoui/.m2/repository/org/mongodb/mongodb-driver/3.3.0/mongodb-driver-3.3.0.jar:/Users/amirouchemadaoui/.m2/repository/org/mongodb/bson/3.3.0/bson-3.3.0.jar:/Users/amirouchemadaoui/.m2/repository/org/mongodb/mongodb-driver-core/3.3.0/mongodb-driver-core-3.3.0.jar:/Users/amirouchemadaoui/.m2/repository/org/apache/httpcomponents/httpclient/4.5.2/httpclient-4.5.2.jar:/Users/amirouchemadaoui/.m2/repository/org/apache/httpcomponents/httpcore/4.4.4/httpcore-4.4.4.jar:/Users/amirouchemadaoui/.m2/repository/commons-logging/commons-logging/1.2/commons-logging-1.2.jar:/Users/amirouchemadaoui/.m2/repository/org/apache/httpcomponents/httpmime/4.5.2/httpmime-4.5.2.jar:"/>
    <property name="java.vm.vendor" value="Oracle Corporation"/>
    <property name="sun.arch.data.model" value="64"/>
    <property name="java.vendor.url" value="http://java.oracle.com/"/>
    <property name="user.timezone" value="America/Los_Angeles"/>
    <property name="java.vm.specification.version" value="1.8"/>
    <property name="os.name" value="Mac OS X"/>
    <property name="user.country" value="US"/>
    <property name="sun.java.launcher" value="SUN_STANDARD"/>
    <property name="sun.boot.library.path" value="/Library/Java/JavaVirtualMachines/jdk1.8.0_281.jdk/Contents/Home/jre/lib"/>
    <property name="sun.java.command" value="/Users/amirouchemadaoui/git/TechbeeMaybatch/com.ebay/target/surefire/surefirebooter7165439314439031046.jar /Users/amirouchemadaoui/git/TechbeeMaybatch/com.ebay/target/surefire 2022-06-17T11-28-21_388-jvmRun1 surefire2879951946717747540tmp surefire_03403504592916397791tmp"/>
    <property name="http.nonProxyHosts" value="local|*.local|169.254/16|*.169.254/16"/>
    <property name="surefire.test.class.path" value="/Users/amirouchemadaoui/git/TechbeeMaybatch/com.ebay/target/test-classes:/Users/amirouchemadaoui/git/TechbeeMaybatch/com.ebay/target/classes:/Users/amirouchemadaoui/.m2/repository/org/seleniumhq/selenium/selenium-java/4.2.1/selenium-java-4.2.1.jar:/Users/amirouchemadaoui/.m2/repository/org/seleniumhq/selenium/selenium-api/4.2.1/selenium-api-4.2.1.jar:/Users/amirouchemadaoui/.m2/repository/org/seleniumhq/selenium/selenium-chrome-driver/4.2.1/selenium-chrome-driver-4.2.1.jar:/Users/amirouchemadaoui/.m2/repository/com/google/auto/service/auto-service-annotations/1.0.1/auto-service-annotations-1.0.1.jar:/Users/amirouchemadaoui/.m2/repository/com/google/auto/service/auto-service/1.0.1/auto-service-1.0.1.jar:/Users/amirouchemadaoui/.m2/repository/com/google/auto/auto-common/1.2/auto-common-1.2.jar:/Users/amirouchemadaoui/.m2/repository/com/google/guava/guava/31.1-jre/guava-31.1-jre.jar:/Users/amirouchemadaoui/.m2/repository/com/google/guava/failureaccess/1.0.1/failureaccess-1.0.1.jar:/Users/amirouchemadaoui/.m2/repository/com/google/guava/listenablefuture/9999.0-empty-to-avoid-conflict-with-guava/listenablefuture-9999.0-empty-to-avoid-conflict-with-guava.jar:/Users/amirouchemadaoui/.m2/repository/com/google/code/findbugs/jsr305/3.0.2/jsr305-3.0.2.jar:/Users/amirouchemadaoui/.m2/repository/org/checkerframework/checker-qual/3.12.0/checker-qual-3.12.0.jar:/Users/amirouchemadaoui/.m2/repository/com/google/errorprone/error_prone_annotations/2.11.0/error_prone_annotations-2.11.0.jar:/Users/amirouchemadaoui/.m2/repository/com/google/j2objc/j2objc-annotations/1.3/j2objc-annotations-1.3.jar:/Users/amirouchemadaoui/.m2/repository/org/seleniumhq/selenium/selenium-chromium-driver/4.2.1/selenium-chromium-driver-4.2.1.jar:/Users/amirouchemadaoui/.m2/repository/org/seleniumhq/selenium/selenium-json/4.2.1/selenium-json-4.2.1.jar:/Users/amirouchemadaoui/.m2/repository/org/seleniumhq/selenium/selenium-devtools-v100/4.2.1/selenium-devtools-v100-4.2.1.jar:/Users/amirouchemadaoui/.m2/repository/org/seleniumhq/selenium/selenium-devtools-v101/4.2.1/selenium-devtools-v101-4.2.1.jar:/Users/amirouchemadaoui/.m2/repository/org/seleniumhq/selenium/selenium-devtools-v102/4.2.1/selenium-devtools-v102-4.2.1.jar:/Users/amirouchemadaoui/.m2/repository/org/seleniumhq/selenium/selenium-devtools-v85/4.2.1/selenium-devtools-v85-4.2.1.jar:/Users/amirouchemadaoui/.m2/repository/org/seleniumhq/selenium/selenium-edge-driver/4.2.1/selenium-edge-driver-4.2.1.jar:/Users/amirouchemadaoui/.m2/repository/org/seleniumhq/selenium/selenium-firefox-driver/4.2.1/selenium-firefox-driver-4.2.1.jar:/Users/amirouchemadaoui/.m2/repository/org/seleniumhq/selenium/selenium-ie-driver/4.2.1/selenium-ie-driver-4.2.1.jar:/Users/amirouchemadaoui/.m2/repository/org/seleniumhq/selenium/selenium-opera-driver/4.2.1/selenium-opera-driver-4.2.1.jar:/Users/amirouchemadaoui/.m2/repository/org/seleniumhq/selenium/selenium-remote-driver/4.2.1/selenium-remote-driver-4.2.1.jar:/Users/amirouchemadaoui/.m2/repository/io/netty/netty-buffer/4.1.77.Final/netty-buffer-4.1.77.Final.jar:/Users/amirouchemadaoui/.m2/repository/io/netty/netty-codec-http/4.1.77.Final/netty-codec-http-4.1.77.Final.jar:/Users/amirouchemadaoui/.m2/repository/io/netty/netty-codec/4.1.77.Final/netty-codec-4.1.77.Final.jar:/Users/amirouchemadaoui/.m2/repository/io/netty/netty-handler/4.1.77.Final/netty-handler-4.1.77.Final.jar:/Users/amirouchemadaoui/.m2/repository/io/netty/netty-common/4.1.77.Final/netty-common-4.1.77.Final.jar:/Users/amirouchemadaoui/.m2/repository/io/netty/netty-transport-classes-epoll/4.1.77.Final/netty-transport-classes-epoll-4.1.77.Final.jar:/Users/amirouchemadaoui/.m2/repository/io/netty/netty-transport-classes-kqueue/4.1.77.Final/netty-transport-classes-kqueue-4.1.77.Final.jar:/Users/amirouchemadaoui/.m2/repository/io/netty/netty-transport-native-epoll/4.1.77.Final/netty-transport-native-epoll-4.1.77.Final.jar:/Users/amirouchemadaoui/.m2/repository/io/netty/netty-transport-native-kqueue/4.1.77.Final/netty-transport-native-kqueue-4.1.77.Final.jar:/Users/amirouchemadaoui/.m2/repository/io/netty/netty-transport-native-unix-common/4.1.77.Final/netty-transport-native-unix-common-4.1.77.Final.jar:/Users/amirouchemadaoui/.m2/repository/io/netty/netty-transport/4.1.77.Final/netty-transport-4.1.77.Final.jar:/Users/amirouchemadaoui/.m2/repository/io/netty/netty-resolver/4.1.77.Final/netty-resolver-4.1.77.Final.jar:/Users/amirouchemadaoui/.m2/repository/io/opentelemetry/opentelemetry-api/1.14.0/opentelemetry-api-1.14.0.jar:/Users/amirouchemadaoui/.m2/repository/io/opentelemetry/opentelemetry-context/1.14.0/opentelemetry-context-1.14.0.jar:/Users/amirouchemadaoui/.m2/repository/io/opentelemetry/opentelemetry-exporter-logging/1.14.0/opentelemetry-exporter-logging-1.14.0.jar:/Users/amirouchemadaoui/.m2/repository/io/opentelemetry/opentelemetry-sdk-metrics/1.14.0/opentelemetry-sdk-metrics-1.14.0.jar:/Users/amirouchemadaoui/.m2/repository/io/opentelemetry/opentelemetry-sdk-logs/1.14.0-alpha/opentelemetry-sdk-logs-1.14.0-alpha.jar:/Users/amirouchemadaoui/.m2/repository/io/opentelemetry/opentelemetry-sdk-common/1.14.0/opentelemetry-sdk-common-1.14.0.jar:/Users/amirouchemadaoui/.m2/repository/io/opentelemetry/opentelemetry-sdk-extension-autoconfigure-spi/1.14.0/opentelemetry-sdk-extension-autoconfigure-spi-1.14.0.jar:/Users/amirouchemadaoui/.m2/repository/io/opentelemetry/opentelemetry-sdk-extension-autoconfigure/1.14.0-alpha/opentelemetry-sdk-extension-autoconfigure-1.14.0-alpha.jar:/Users/amirouchemadaoui/.m2/repository/io/opentelemetry/opentelemetry-sdk-trace/1.14.0/opentelemetry-sdk-trace-1.14.0.jar:/Users/amirouchemadaoui/.m2/repository/io/opentelemetry/opentelemetry-sdk/1.14.0/opentelemetry-sdk-1.14.0.jar:/Users/amirouchemadaoui/.m2/repository/io/opentelemetry/opentelemetry-semconv/1.14.0-alpha/opentelemetry-semconv-1.14.0-alpha.jar:/Users/amirouchemadaoui/.m2/repository/io/ous/jtoml/2.0.0/jtoml-2.0.0.jar:/Users/amirouchemadaoui/.m2/repository/net/bytebuddy/byte-buddy/1.12.10/byte-buddy-1.12.10.jar:/Users/amirouchemadaoui/.m2/repository/org/apache/commons/commons-exec/1.3/commons-exec-1.3.jar:/Users/amirouchemadaoui/.m2/repository/org/asynchttpclient/async-http-client/2.12.3/async-http-client-2.12.3.jar:/Users/amirouchemadaoui/.m2/repository/org/asynchttpclient/async-http-client-netty-utils/2.12.3/async-http-client-netty-utils-2.12.3.jar:/Users/amirouchemadaoui/.m2/repository/io/netty/netty-codec-socks/4.1.60.Final/netty-codec-socks-4.1.60.Final.jar:/Users/amirouchemadaoui/.m2/repository/io/netty/netty-handler-proxy/4.1.60.Final/netty-handler-proxy-4.1.60.Final.jar:/Users/amirouchemadaoui/.m2/repository/io/netty/netty-transport-native-epoll/4.1.60.Final/netty-transport-native-epoll-4.1.60.Final-linux-x86_64.jar:/Users/amirouchemadaoui/.m2/repository/io/netty/netty-transport-native-kqueue/4.1.60.Final/netty-transport-native-kqueue-4.1.60.Final-osx-x86_64.jar:/Users/amirouchemadaoui/.m2/repository/org/reactivestreams/reactive-streams/1.0.3/reactive-streams-1.0.3.jar:/Users/amirouchemadaoui/.m2/repository/com/typesafe/netty/netty-reactive-streams/2.0.4/netty-reactive-streams-2.0.4.jar:/Users/amirouchemadaoui/.m2/repository/com/sun/activation/jakarta.activation/1.2.2/jakarta.activation-1.2.2.jar:/Users/amirouchemadaoui/.m2/repository/org/seleniumhq/selenium/selenium-http/4.2.1/selenium-http-4.2.1.jar:/Users/amirouchemadaoui/.m2/repository/dev/failsafe/failsafe/3.2.4/failsafe-3.2.4.jar:/Users/amirouchemadaoui/.m2/repository/org/seleniumhq/selenium/selenium-safari-driver/4.2.1/selenium-safari-driver-4.2.1.jar:/Users/amirouchemadaoui/.m2/repository/org/seleniumhq/selenium/selenium-support/4.2.1/selenium-support-4.2.1.jar:/Users/amirouchemadaoui/.m2/repository/org/testng/testng/7.3.0/testng-7.3.0.jar:/Users/amirouchemadaoui/.m2/repository/com/beust/jcommander/1.78/jcommander-1.78.jar:/Users/amirouchemadaoui/.m2/repository/org/apache/ant/ant/1.10.3/ant-1.10.3.jar:/Users/amirouchemadaoui/.m2/repository/org/apache/ant/ant-launcher/1.10.3/ant-launcher-1.10.3.jar:/Users/amirouchemadaoui/.m2/repository/junit/junit/4.12/junit-4.12.jar:/Users/amirouchemadaoui/.m2/repository/org/hamcrest/hamcrest-core/1.3/hamcrest-core-1.3.jar:/Users/amirouchemadaoui/.m2/repository/com/google/inject/guice/4.2.2/guice-4.2.2-no_aop.jar:/Users/amirouchemadaoui/.m2/repository/javax/inject/javax.inject/1/javax.inject-1.jar:/Users/amirouchemadaoui/.m2/repository/aopalliance/aopalliance/1.0/aopalliance-1.0.jar:/Users/amirouchemadaoui/.m2/repository/org/yaml/snakeyaml/1.21/snakeyaml-1.21.jar:/Users/amirouchemadaoui/.m2/repository/io/github/bonigarcia/webdrivermanager/4.2.2/webdrivermanager-4.2.2.jar:/Users/amirouchemadaoui/.m2/repository/org/slf4j/slf4j-api/1.7.30/slf4j-api-1.7.30.jar:/Users/amirouchemadaoui/.m2/repository/commons-io/commons-io/2.8.0/commons-io-2.8.0.jar:/Users/amirouchemadaoui/.m2/repository/com/google/code/gson/gson/2.8.6/gson-2.8.6.jar:/Users/amirouchemadaoui/.m2/repository/org/apache/commons/commons-lang3/3.11/commons-lang3-3.11.jar:/Users/amirouchemadaoui/.m2/repository/org/apache/httpcomponents/client5/httpclient5/5.0.1/httpclient5-5.0.1.jar:/Users/amirouchemadaoui/.m2/repository/org/apache/httpcomponents/core5/httpcore5/5.0.1/httpcore5-5.0.1.jar:/Users/amirouchemadaoui/.m2/repository/org/apache/httpcomponents/core5/httpcore5-h2/5.0.1/httpcore5-h2-5.0.1.jar:/Users/amirouchemadaoui/.m2/repository/org/rauschig/jarchivelib/1.1.0/jarchivelib-1.1.0.jar:/Users/amirouchemadaoui/.m2/repository/org/apache/commons/commons-compress/1.20/commons-compress-1.20.jar:/Users/amirouchemadaoui/.m2/repository/org/jsoup/jsoup/1.13.1/jsoup-1.13.1.jar:/Users/amirouchemadaoui/.m2/repository/org/apache/poi/poi/3.9/poi-3.9.jar:/Users/amirouchemadaoui/.m2/repository/commons-codec/commons-codec/1.5/commons-codec-1.5.jar:/Users/amirouchemadaoui/.m2/repository/org/apache/poi/poi-ooxml/3.9/poi-ooxml-3.9.jar:/Users/amirouchemadaoui/.m2/repository/dom4j/dom4j/1.6.1/dom4j-1.6.1.jar:/Users/amirouchemadaoui/.m2/repository/xml-apis/xml-apis/1.0.b2/xml-apis-1.0.b2.jar:/Users/amirouchemadaoui/.m2/repository/org/apache/poi/poi-ooxml-schemas/3.9/poi-ooxml-schemas-3.9.jar:/Users/amirouchemadaoui/.m2/repository/org/apache/xmlbeans/xmlbeans/2.3.0/xmlbeans-2.3.0.jar:/Users/amirouchemadaoui/.m2/repository/stax/stax-api/1.0.1/stax-api-1.0.1.jar:/Users/amirouchemadaoui/.m2/repository/org/apache/poi/poi-scratchpad/3.9/poi-scratchpad-3.9.jar:/Users/amirouchemadaoui/.m2/repository/org/apache/poi/ooxml-schemas/1.1/ooxml-schemas-1.1.jar:/Users/amirouchemadaoui/.m2/repository/org/apache/poi/openxml4j/1.0-beta/openxml4j-1.0-beta.jar:/Users/amirouchemadaoui/.m2/repository/log4j/log4j/1.2.8/log4j-1.2.8.jar:/Users/amirouchemadaoui/.m2/repository/com/github/javafaker/javafaker/1.0.2/javafaker-1.0.2.jar:/Users/amirouchemadaoui/.m2/repository/org/yaml/snakeyaml/1.23/snakeyaml-1.23-android.jar:/Users/amirouchemadaoui/.m2/repository/com/github/mifmif/generex/1.0.2/generex-1.0.2.jar:/Users/amirouchemadaoui/.m2/repository/dk/brics/automaton/automaton/1.11-8/automaton-1.11-8.jar:/Users/amirouchemadaoui/.m2/repository/com/aventstack/extentreports/3.1.5/extentreports-3.1.5.jar:/Users/amirouchemadaoui/.m2/repository/org/freemarker/freemarker/2.3.23/freemarker-2.3.23.jar:/Users/amirouchemadaoui/.m2/repository/org/mongodb/mongodb-driver/3.3.0/mongodb-driver-3.3.0.jar:/Users/amirouchemadaoui/.m2/repository/org/mongodb/bson/3.3.0/bson-3.3.0.jar:/Users/amirouchemadaoui/.m2/repository/org/mongodb/mongodb-driver-core/3.3.0/mongodb-driver-core-3.3.0.jar:/Users/amirouchemadaoui/.m2/repository/org/apache/httpcomponents/httpclient/4.5.2/httpclient-4.5.2.jar:/Users/amirouchemadaoui/.m2/repository/org/apache/httpcomponents/httpcore/4.4.4/httpcore-4.4.4.jar:/Users/amirouchemadaoui/.m2/repository/commons-logging/commons-logging/1.2/commons-logging-1.2.jar:/Users/amirouchemadaoui/.m2/repository/org/apache/httpcomponents/httpmime/4.5.2/httpmime-4.5.2.jar:"/>
    <property name="sun.cpu.endian" value="little"/>
    <property name="user.home" value="/Users/amirouchemadaoui"/>
    <property name="user.language" value="en"/>
    <property name="java.specification.vendor" value="Oracle Corporation"/>
    <property name="java.home" value="/Library/Java/JavaVirtualMachines/jdk1.8.0_281.jdk/Contents/Home/jre"/>
    <property name="basedir" value="/Users/amirouchemadaoui/git/TechbeeMaybatch/com.ebay"/>
    <property name="file.separator" value="/"/>
    <property name="line.separator" value="&#10;"/>
    <property name="java.vm.specification.vendor" value="Oracle Corporation"/>
    <property name="java.specification.name" value="Java Platform API Specification"/>
    <property name="java.awt.graphicsenv" value="sun.awt.CGraphicsEnvironment"/>
    <property name="surefire.real.class.path" value="/Users/amirouchemadaoui/git/TechbeeMaybatch/com.ebay/target/surefire/surefirebooter7165439314439031046.jar"/>
    <property name="sun.boot.class.path" value="/Library/Java/JavaVirtualMachines/jdk1.8.0_281.jdk/Contents/Home/jre/lib/resources.jar:/Library/Java/JavaVirtualMachines/jdk1.8.0_281.jdk/Contents/Home/jre/lib/rt.jar:/Library/Java/JavaVirtualMachines/jdk1.8.0_281.jdk/Contents/Home/jre/lib/sunrsasign.jar:/Library/Java/JavaVirtualMachines/jdk1.8.0_281.jdk/Contents/Home/jre/lib/jsse.jar:/Library/Java/JavaVirtualMachines/jdk1.8.0_281.jdk/Contents/Home/jre/lib/jce.jar:/Library/Java/JavaVirtualMachines/jdk1.8.0_281.jdk/Contents/Home/jre/lib/charsets.jar:/Library/Java/JavaVirtualMachines/jdk1.8.0_281.jdk/Contents/Home/jre/lib/jfr.jar:/Library/Java/JavaVirtualMachines/jdk1.8.0_281.jdk/Contents/Home/jre/classes"/>
    <property name="sun.management.compiler" value="HotSpot 64-Bit Tiered Compilers"/>
    <property name="ftp.nonProxyHosts" value="local|*.local|169.254/16|*.169.254/16"/>
    <property name="java.runtime.version" value="1.8.0_281-b09"/>
    <property name="user.name" value="amirouchemadaoui"/>
    <property name="path.separator" value=":"/>
    <property name="os.version" value="10.16"/>
    <property name="java.endorsed.dirs" value="/Library/Java/JavaVirtualMachines/jdk1.8.0_281.jdk/Contents/Home/jre/lib/endorsed"/>
    <property name="java.runtime.name" value="Java(TM) SE Runtime Environment"/>
    <property name="file.encoding" value="UTF-8"/>
    <property name="java.vm.name" value="Java HotSpot(TM) 64-Bit Server VM"/>
    <property name="localRepository" value="/Users/amirouchemadaoui/.m2/repository"/>
    <property name="java.vendor.url.bug" value="http://bugreport.sun.com/bugreport/"/>
    <property name="java.io.tmpdir" value="/var/folders/xh/s_c1x8q17vq8km50njs5zcmm0000gn/T/"/>
    <property name="java.version" value="1.8.0_281"/>
    <property name="user.dir" value="/Users/amirouchemadaoui/git/TechbeeMaybatch/com.ebay"/>
    <property name="os.arch" value="x86_64"/>
    <property name="java.vm.specification.name" value="Java Virtual Machine Specification"/>
    <property name="java.awt.printerjob" value="sun.lwawt.macosx.CPrinterJob"/>
    <property name="sun.os.patch.level" value="unknown"/>
    <property name="java.library.path" value="/Users/amirouchemadaoui/Library/Java/Extensions:/Library/Java/Extensions:/Network/Library/Java/Extensions:/System/Library/Java/Extensions:/usr/lib/java:."/>
    <property name="java.vm.info" value="mixed mode"/>
    <property name="java.vendor" value="Oracle Corporation"/>
    <property name="java.vm.version" value="25.281-b09"/>
    <property name="java.ext.dirs" value="/Users/amirouchemadaoui/Library/Java/Extensions:/Library/Java/JavaVirtualMachines/jdk1.8.0_281.jdk/Contents/Home/jre/lib/ext:/Library/Java/Extensions:/Network/Library/Java/Extensions:/System/Library/Java/Extensions:/usr/lib/java"/>
    <property name="sun.io.unicode.encoding" value="UnicodeBig"/>
    <property name="java.class.version" value="52.0"/>
    <property name="socksNonProxyHosts" value="local|*.local|169.254/16|*.169.254/16"/>
  </properties>
  <testcase name="verifyTitle" classname="com.ebay.tests.TestHomePage" time="2.607">
    <system-err><![CDATA[SLF4J: Failed to load class "org.slf4j.impl.StaticLoggerBinder".
SLF4J: Defaulting to no-operation (NOP) logger implementation
SLF4J: See http://www.slf4j.org/codes.html#StaticLoggerBinder for further details.
log4j:WARN No appenders could be found for logger (io.netty.util.internal.logging.InternalLoggerFactory).
log4j:WARN Please initialize the log4j system properly.
Starting ChromeDriver 102.0.5005.61 (0e59bcc00cc4985ce39ad31c150065f159d95ad3-refs/branch-heads/5005@{#819}) on port 55538
Only local connections are allowed.
Please see https://chromedriver.chromium.org/security-considerations for suggestions on keeping ChromeDriver safe.
ChromeDriver was started successfully.
Jun 17, 2022 11:28:24 AM org.openqa.selenium.remote.ProtocolHandshake createSession
INFO: Detected upstream dialect: W3C
Jun 17, 2022 11:28:24 AM org.openqa.selenium.devtools.CdpVersionFinder findNearestMatch
INFO: Found exact CDP implementation for version 102
]]></system-err>
  </testcase>
  <testcase name="electronicSelectionTest" classname="com.ebay.tests.TestHomePage" time="6.771">
    <system-err><![CDATA[Starting ChromeDriver 102.0.5005.61 (0e59bcc00cc4985ce39ad31c150065f159d95ad3-refs/branch-heads/5005@{#819}) on port 61915
Only local connections are allowed.
Please see https://chromedriver.chromium.org/security-considerations for suggestions on keeping ChromeDriver safe.
ChromeDriver was started successfully.
Jun 17, 2022 11:28:29 AM org.openqa.selenium.remote.ProtocolHandshake createSession
INFO: Detected upstream dialect: W3C
Jun 17, 2022 11:28:29 AM org.openqa.selenium.devtools.CdpVersionFinder findNearestMatch
INFO: Found exact CDP implementation for version 102
]]></system-err>
  </testcase>
  <testcase name="doSearchItemTest" classname="com.ebay.tests.TestHomePage" time="6.478">
    <system-err><![CDATA[Starting ChromeDriver 102.0.5005.61 (0e59bcc00cc4985ce39ad31c150065f159d95ad3-refs/branch-heads/5005@{#819}) on port 50107
Only local connections are allowed.
Please see https://chromedriver.chromium.org/security-considerations for suggestions on keeping ChromeDriver safe.
ChromeDriver was started successfully.
Jun 17, 2022 11:28:38 AM org.openqa.selenium.remote.ProtocolHandshake createSession
INFO: Detected upstream dialect: W3C
Jun 17, 2022 11:28:38 AM org.openqa.selenium.devtools.CdpVersionFinder findNearestMatch
INFO: Found exact CDP implementation for version 102
]]></system-err>
  </testcase>
  <testcase name="doSelectSearchCategories[Cameras &amp; Photo, canon](1)" classname="com.ebay.tests.TestHomePage" time="6.272">
    <system-err><![CDATA[Starting ChromeDriver 102.0.5005.61 (0e59bcc00cc4985ce39ad31c150065f159d95ad3-refs/branch-heads/5005@{#819}) on port 50951
Only local connections are allowed.
Please see https://chromedriver.chromium.org/security-considerations for suggestions on keeping ChromeDriver safe.
ChromeDriver was started successfully.
Jun 17, 2022 11:28:47 AM org.openqa.selenium.remote.ProtocolHandshake createSession
INFO: Detected upstream dialect: W3C
Jun 17, 2022 11:28:47 AM org.openqa.selenium.devtools.CdpVersionFinder findNearestMatch
INFO: Found exact CDP implementation for version 102
]]></system-err>
  </testcase>
  <testcase name="doSelectSearchCategories[Travel, eye mask](2)" classname="com.ebay.tests.TestHomePage" time="5.353">
    <system-err><![CDATA[Starting ChromeDriver 102.0.5005.61 (0e59bcc00cc4985ce39ad31c150065f159d95ad3-refs/branch-heads/5005@{#819}) on port 65298
Only local connections are allowed.
Please see https://chromedriver.chromium.org/security-considerations for suggestions on keeping ChromeDriver safe.
ChromeDriver was started successfully.
Jun 17, 2022 11:28:55 AM org.openqa.selenium.remote.ProtocolHandshake createSession
INFO: Detected upstream dialect: W3C
Jun 17, 2022 11:28:55 AM org.openqa.selenium.devtools.CdpVersionFinder findNearestMatch
INFO: Found exact CDP implementation for version 102
]]></system-err>
  </testcase>
  <testcase name="doSelectSearchCategories[Business &amp; Industrial, drill](3)" classname="com.ebay.tests.TestHomePage" time="5.196">
    <system-err><![CDATA[Starting ChromeDriver 102.0.5005.61 (0e59bcc00cc4985ce39ad31c150065f159d95ad3-refs/branch-heads/5005@{#819}) on port 63254
Only local connections are allowed.
Please see https://chromedriver.chromium.org/security-considerations for suggestions on keeping ChromeDriver safe.
ChromeDriver was started successfully.
Jun 17, 2022 11:29:03 AM org.openqa.selenium.remote.ProtocolHandshake createSession
INFO: Detected upstream dialect: W3C
Jun 17, 2022 11:29:03 AM org.openqa.selenium.devtools.CdpVersionFinder findNearestMatch
INFO: Found exact CDP implementation for version 102
]]></system-err>
  </testcase>
  <testcase name="LoginPageTest" classname="com.ebay.tests.LoginPageTest" time="1.179">
    <system-err><![CDATA[Starting ChromeDriver 102.0.5005.61 (0e59bcc00cc4985ce39ad31c150065f159d95ad3-refs/branch-heads/5005@{#819}) on port 57492
Only local connections are allowed.
Please see https://chromedriver.chromium.org/security-considerations for suggestions on keeping ChromeDriver safe.
ChromeDriver was started successfully.
Jun 17, 2022 11:29:10 AM org.openqa.selenium.remote.ProtocolHandshake createSession
INFO: Detected upstream dialect: W3C
Jun 17, 2022 11:29:10 AM org.openqa.selenium.devtools.CdpVersionFinder findNearestMatch
INFO: Found exact CDP implementation for version 102
]]></system-err>
  </testcase>
  <testcase name="registerUser" classname="com.ebay.tests.RegisterPageTest" time="5.758">
    <system-err><![CDATA[Starting ChromeDriver 102.0.5005.61 (0e59bcc00cc4985ce39ad31c150065f159d95ad3-refs/branch-heads/5005@{#819}) on port 59316
Only local connections are allowed.
Please see https://chromedriver.chromium.org/security-considerations for suggestions on keeping ChromeDriver safe.
ChromeDriver was started successfully.
Jun 17, 2022 11:29:14 AM org.openqa.selenium.remote.ProtocolHandshake createSession
INFO: Detected upstream dialect: W3C
Jun 17, 2022 11:29:14 AM org.openqa.selenium.devtools.CdpVersionFinder findNearestMatch
INFO: Found exact CDP implementation for version 102
]]></system-err>
  </testcase>
</testsuite>