<?xml version="1.0" encoding="UTF-8"?>
<!-- Generated by org.testng.reporters.JUnitReportReporter -->
<testsuite skipped="0" hostname="Amirouches-MacBook-Pro.local" name="com.ebay.tests.LoginPageTest" tests="1" failures="0" timestamp="2022-06-17T10:55:38 PDT" time="3.230" errors="0">
  <testcase name="LoginPageTest" time="3.230" classname="com.ebay.tests.LoginPageTest"/>
  <system-out/>
</testsuite> <!-- com.ebay.tests.LoginPageTest -->
