<?xml version="1.0" encoding="UTF-8"?>
<!-- Generated by org.testng.reporters.JUnitReportReporter -->
<testsuite skipped="0" hostname="Amirouches-MacBook-Pro.local" name="com.ebay.tests.TestHomePage" tests="1" failures="0" timestamp="2022-06-17T11:28:05 PDT" time="9.640" errors="0">
  <testcase name="doSearchItemTest" time="9.640" classname="com.ebay.tests.TestHomePage"/>
  <system-out/>
</testsuite> <!-- com.ebay.tests.TestHomePage -->
