<?xml version="1.0" encoding="UTF-8"?>
<!-- Generated by org.testng.reporters.JUnitReportReporter -->
<testsuite skipped="0" hostname="Amirouches-MacBook-Pro.local" name="com.ebay.tests.TestHomePage" tests="6" failures="0" timestamp="2022-06-17T11:29:22 PDT" time="47.379" errors="0">
  <testcase name="verifyTitle" time="4.921" classname="com.ebay.tests.TestHomePage"/>
  <system-out/>
  <testcase name="electronicSelectionTest" time="10.009" classname="com.ebay.tests.TestHomePage"/>
  <system-out/>
  <testcase name="doSearchItemTest" time="8.815" classname="com.ebay.tests.TestHomePage"/>
  <system-out/>
  <testcase name="doSelectSearchCategories" time="7.493" classname="com.ebay.tests.TestHomePage"/>
  <system-out/>
  <testcase name="doSelectSearchCategories" time="7.611" classname="com.ebay.tests.TestHomePage"/>
  <system-out/>
  <testcase name="doSelectSearchCategories" time="8.530" classname="com.ebay.tests.TestHomePage"/>
  <system-out/>
</testsuite> <!-- com.ebay.tests.TestHomePage -->
