<?xml version="1.0" encoding="UTF-8"?>
<!-- Generated by org.testng.reporters.JUnitReportReporter -->
<testsuite skipped="0" hostname="Amirouches-MacBook-Pro.local" name="com.ebay.tests.RegisterPageTest" tests="1" failures="0" timestamp="2022-06-17T11:29:22 PDT" time="8.290" errors="0">
  <testcase name="registerUser" time="8.290" classname="com.ebay.tests.RegisterPageTest"/>
  <system-out/>
</testsuite> <!-- com.ebay.tests.RegisterPageTest -->
